<?xml version="1.0" encoding="UTF-8"?>
<!-- Generated by org.testng.reporters.JUnitReportReporter -->
<testsuite skipped="0" hostname="LAPTOP-BIDVEQPH" name="com.SDET.TestCase.TC_AddCustomer_003" tests="2" failures="0" timestamp="18 Feb 2020 19:00:32 GMT" time="27.080" errors="0">
  <testcase name="VerifyNewCustomre" time="13.728" classname="com.SDET.TestCase.TC_AddCustomer_003"/>
  <testcase name="VerifyNewCustomre" time="13.352" classname="com.SDET.TestCase.TC_AddCustomer_003"/>
</testsuite> <!-- com.SDET.TestCase.TC_AddCustomer_003 -->
