<?xml version="1.0" encoding="UTF-8"?>
<!-- Generated by org.testng.reporters.JUnitReportReporter -->
<testsuite skipped="0" hostname="LAPTOP-BIDVEQPH" name="com.SDET.TestCase.TC_SeleniumTest_004" tests="1" failures="0" timestamp="21 Feb 2020 22:59:32 GMT" time="8.750" errors="0">
  <testcase name="ValidateOnSelenium" time="8.750" classname="com.SDET.TestCase.TC_SeleniumTest_004"/>
</testsuite> <!-- com.SDET.TestCase.TC_SeleniumTest_004 -->
