<?xml version="1.0" encoding="UTF-8"?>
<!-- Generated by org.testng.reporters.JUnitReportReporter -->
<testsuite skipped="0" hostname="LAPTOP-BIDVEQPH" name="com.SDET.TestCase.TC_LoginTest_001" tests="1" failures="0" timestamp="21 Feb 2020 22:59:32 GMT" time="3.191" errors="0">
  <testcase name="verifyLogin" time="3.191" classname="com.SDET.TestCase.TC_LoginTest_001"/>
</testsuite> <!-- com.SDET.TestCase.TC_LoginTest_001 -->
